Flutter crash report; please file at https://github.com/flutter/flutter/issues.

## command

flutter run --machine --target lib/main.dart -d emulator-5554 --track-widget-creation --dart-define=flutter.inspector.structuredErrors=true --start-paused

## exception

ProcessException: ProcessException: Process exited abnormally:
error: listener 'tcp:60141' not found
  Command: /Users/user/Library/Android/sdk/platform-tools/adb -s emulator-5554 forward --remove tcp:60141

```
#0      RunResult.throwException (package:flutter_tools/src/base/process.dart:172:5)
#1      _DefaultProcessUtils.run (package:flutter_tools/src/base/process.dart:322:19)
<asynchronous suspension>
#2      _AndroidDevicePortForwarder.unforward (package:flutter_tools/src/android/android_device.dart:1198:24)
#3      _AndroidDevicePortForwarder.dispose (package:flutter_tools/src/android/android_device.dart:1207:13)
#4      AndroidDevice.dispose (package:flutter_tools/src/android/android_device.dart:743:27)
#5      HotRunner.cleanupAtFinish (package:flutter_tools/src/run_hot.dart:1144:34)
#6      ResidentRunner.waitForAppToFinish (package:flutter_tools/src/resident_runner.dart:1024:11)
<asynchronous suspension>
#7      RunCommand.runCommand (package:flutter_tools/src/commands/run.dart:431:43)
<asynchronous suspension>
#8      FlutterCommand.verifyThenRunCommand (package:flutter_tools/src/runner/flutter_command.dart:723:18)
#9      _rootRunUnary (dart:async/zone.dart:1192:38)
#10     _CustomZone.runUnary (dart:async/zone.dart:1085:19)
#11     _FutureListener.handleValue (dart:async/future_impl.dart:141:18)
#12     Future._propagateToListeners.handleValueCallback (dart:async/future_impl.dart:682:45)
#13     Future._propagateToListeners (dart:async/future_impl.dart:711:32)
#14     Future._completeWithValue (dart:async/future_impl.dart:526:5)
#15     _AsyncAwaitCompleter.complete (dart:async-patch/async_patch.dart:36:15)
#16     _completeOnAsyncReturn (dart:async-patch/async_patch.dart:298:13)
#17     RunCommand.usageValues (package:flutter_tools/src/commands/run.dart)
#18     _rootRunUnary (dart:async/zone.dart:1192:38)
#19     _CustomZone.runUnary (dart:async/zone.dart:1085:19)
#20     _FutureListener.handleValue (dart:async/future_impl.dart:141:18)
#21     Future._propagateToListeners.handleValueCallback (dart:async/future_impl.dart:682:45)
#22     Future._propagateToListeners (dart:async/future_impl.dart:711:32)
#23     Future._completeWithValue (dart:async/future_impl.dart:526:5)
#24     _AsyncAwaitCompleter.complete (dart:async-patch/async_patch.dart:36:15)
#25     _completeOnAsyncReturn (dart:async-patch/async_patch.dart:298:13)
#26     AndroidDevice.isLocalEmulator (package:flutter_tools/src/android/android_device.dart)
#27     _rootRunUnary (dart:async/zone.dart:1192:38)
#28     _CustomZone.runUnary (dart:async/zone.dart:1085:19)
#29     _FutureListener.handleValue (dart:async/future_impl.dart:141:18)
#30     Future._propagateToListeners.handleValueCallback (dart:async/future_impl.dart:682:45)
#31     Future._propagateToListeners (dart:async/future_impl.dart:711:32)
#32     Future._completeWithValue (dart:async/future_impl.dart:526:5)
#33     Future._asyncComplete.<anonymous closure> (dart:async/future_impl.dart:556:7)
#34     _rootRun (dart:async/zone.dart:1184:13)
#35     _CustomZone.run (dart:async/zone.dart:1077:19)
#36     _CustomZone.runGuarded (dart:async/zone.dart:979:7)
#37     _CustomZone.bindCallbackGuarded.<anonymous closure> (dart:async/zone.dart:1019:23)
#38     _microtaskLoop (dart:async/schedule_microtask.dart:43:21)
#39     _startMicrotaskLoop (dart:async/schedule_microtask.dart:52:5)
#40     _runPendingImmediateCallback (dart:isolate-patch/isolate_patch.dart:118:13)
#41     _RawReceivePortImpl._handleMessage (dart:isolate-patch/isolate_patch.dart:169:5)
```

## flutter doctor

```
[✓] Flutter (Channel stable, v1.17.2, on Mac OS X 10.15.5 19F101, locale ru-UA)
    • Flutter version 1.17.2 at /Users/user/development/flutter
    • Framework revision 5f21edf8b6 (6 weeks ago), 2020-05-28 12:44:12 -0700
    • Engine revision b851c71829
    • Dart version 2.8.3

[✓] Android toolchain - develop for Android devices (Android SDK version 28.0.3)
    • Android SDK at /Users/user/Library/Android/sdk
    • Platform android-28, build-tools 28.0.3
    • ANDROID_HOME = /Users/user/Library/Android/sdk
    • Java binary at: /Applications/Android Studio.app/Contents/jre/jdk/Contents/Home/bin/java
    • Java version OpenJDK Runtime Environment (build 1.8.0_242-release-1644-b3-6222593)
    • All Android licenses accepted.

[✓] Xcode - develop for iOS and macOS (Xcode 11.5)
    • Xcode at /Applications/Xcode.app/Contents/Developer
    • Xcode 11.5, Build version 11E608c
    • CocoaPods version 1.9.3

[✓] Android Studio (version 4.0)
    • Android Studio at /Applications/Android Studio.app/Contents
    • Flutter plugin version 46.0.2
    • Dart plugin version 193.7361
    • Java version OpenJDK Runtime Environment (build 1.8.0_242-release-1644-b3-6222593)

[✓] Connected device (1 available)
    • sdk gphone x86 • emulator-5554 • android-x86 • Android 10 (API 29) (emulator)

• No issues found!
```
